11:40:12.833 [main] INFO  api.test.UserTests -*********** Creating User ****************
11:40:16.039 [main] INFO  api.test.UserTests -*********** User is created  ****************
11:40:16.045 [main] INFO  api.test.UserTests -*********** Reading User Info ****************
11:40:17.573 [main] INFO  api.test.UserTests -*********** User info is displyed *******
11:40:17.575 [main] INFO  api.test.UserTests -*********** Updating user *********
11:40:19.181 [main] INFO  api.test.UserTests -**********User Updated**********
11:40:20.755 [main] INFO  api.test.UserTests -********** Deleting User *******
11:40:22.380 [main] INFO  api.test.UserTests -********** User Deleted *********
11:45:49.269 [main] INFO  api.test.UserTests -*********** Creating User ****************
11:45:52.569 [main] INFO  api.test.UserTests -*********** User is created  ****************
11:45:52.575 [main] INFO  api.test.UserTests -*********** Reading User Info ****************
11:45:54.325 [main] INFO  api.test.UserTests -*********** User info is displyed *******
11:45:54.327 [main] INFO  api.test.UserTests -*********** Updating user *********
11:45:55.950 [main] INFO  api.test.UserTests -**********User Updated**********
11:45:57.555 [main] INFO  api.test.UserTests -********** Deleting User *******
11:45:59.159 [main] INFO  api.test.UserTests -********** User Deleted *********
11:50:48.940 [main] INFO  api.test.UserTests -*********** Creating User ****************
11:50:52.326 [main] INFO  api.test.UserTests -*********** User is created  ****************
11:50:52.332 [main] INFO  api.test.UserTests -*********** Reading User Info ****************
11:50:54.015 [main] INFO  api.test.UserTests -*********** User info is displyed *******
11:50:54.017 [main] INFO  api.test.UserTests -*********** Updating user *********
11:50:55.612 [main] INFO  api.test.UserTests -**********User Updated**********
11:50:57.334 [main] INFO  api.test.UserTests -********** Deleting User *******
11:50:58.976 [main] INFO  api.test.UserTests -********** User Deleted *********
11:56:30.509 [main] INFO  api.test.UserTests -*********** Creating User ****************
11:56:33.644 [main] INFO  api.test.UserTests -*********** User is created  ****************
11:56:33.650 [main] INFO  api.test.UserTests -*********** Reading User Info ****************
11:56:35.509 [main] INFO  api.test.UserTests -*********** User info is displyed *******
11:56:35.511 [main] INFO  api.test.UserTests -*********** Updating user *********
11:56:37.058 [main] INFO  api.test.UserTests -**********User Updated**********
11:56:38.662 [main] INFO  api.test.UserTests -********** Deleting User *******
11:56:40.662 [main] INFO  api.test.UserTests -********** User Deleted *********
12:18:37.433 [main] INFO  api.test.UserTests -*********** Creating User ****************
12:18:40.715 [main] INFO  api.test.UserTests -*********** User is created  ****************
12:21:16.319 [main] INFO  api.test.UserTests -*********** Creating User ****************
12:23:29.309 [main] INFO  api.test.UserTests -*********** Creating User ****************
12:23:32.536 [main] INFO  api.test.UserTests -*********** User is created  ****************
12:31:01.733 [main] INFO  api.test.UserTests -*********** Creating User ****************
12:31:05.049 [main] INFO  api.test.UserTests -*********** User is created  ****************
12:31:30.613 [main] INFO  api.test.UserTests -*********** Creating User ****************
12:31:33.920 [main] INFO  api.test.UserTests -*********** User is created  ****************
12:33:07.681 [main] INFO  api.test.UserTests -*********** Creating User ****************
12:33:11.173 [main] INFO  api.test.UserTests -*********** User is created  ****************
12:36:03.551 [main] INFO  api.test.UserTests -*********** Creating User ****************
12:36:06.997 [main] INFO  api.test.UserTests -*********** User is created  ****************
12:38:43.087 [main] INFO  api.test.UserTests -*********** Creating User ****************
12:38:46.364 [main] INFO  api.test.UserTests -*********** User is created  ****************
12:39:28.552 [main] INFO  api.test.UserTests -*********** Creating User ****************
12:39:31.651 [main] INFO  api.test.UserTests -*********** User is created  ****************
13:01:01.011 [main] INFO  api.test.UserTests -*********** Creating User ****************
13:01:04.055 [main] INFO  api.test.UserTests -*********** User is created  ****************
13:39:33.420 [main] INFO  api.test.UserTests -*********** Creating User ****************
13:39:38.951 [main] INFO  api.test.UserTests -*********** User is created  ****************
14:39:09.498 [main] INFO  api.test.UserTests2 -*********** Creating User ****************
14:39:14.669 [main] INFO  api.test.UserTests2 -*********** User is created  ****************
14:42:08.035 [main] INFO  api.test.UserTests2 -*********** Creating User ****************
14:42:13.425 [main] INFO  api.test.UserTests2 -*********** User is created  ****************
14:43:05.297 [main] INFO  api.test.UserTests2 -*********** Creating User ****************
14:43:10.129 [main] INFO  api.test.UserTests2 -*********** User is created  ****************
14:44:51.611 [main] INFO  api.test.UserTests2 -*********** Creating User ****************
14:44:56.905 [main] INFO  api.test.UserTests2 -*********** User is created  ****************
14:44:56.912 [main] INFO  api.test.UserTests2 -*********** Reading User Info ****************
14:44:59.222 [main] INFO  api.test.UserTests2 -*********** User info is displyed *******
14:44:59.229 [main] INFO  api.test.UserTests2 -*********** Updating user *********
14:45:01.573 [main] INFO  api.test.UserTests2 -**********User Updated**********
14:45:03.429 [main] INFO  api.test.UserTests2 -********** Deleting User *******
14:45:05.368 [main] INFO  api.test.UserTests2 -********** User Deleted *********
14:45:26.926 [main] INFO  api.test.UserTests2 -*********** Creating User ****************
14:45:32.241 [main] INFO  api.test.UserTests2 -*********** User is created  ****************
14:46:38.162 [main] INFO  api.test.UserTests2 -*********** Creating User ****************
14:46:43.405 [main] INFO  api.test.UserTests2 -*********** User is created  ****************
14:49:31.893 [main] INFO  api.test.UserTests2 -*********** Creating User ****************
14:49:36.886 [main] INFO  api.test.UserTests2 -*********** User is created  ****************
14:49:36.895 [main] INFO  api.test.UserTests2 -*********** Reading User Info ****************
14:49:39.083 [main] INFO  api.test.UserTests2 -*********** User info is displyed *******
14:49:39.088 [main] INFO  api.test.UserTests2 -*********** Updating user *********
14:49:41.226 [main] INFO  api.test.UserTests2 -**********User Updated**********
14:49:43.488 [main] INFO  api.test.UserTests2 -********** Deleting User *******
14:49:45.529 [main] INFO  api.test.UserTests2 -********** User Deleted *********
14:50:25.860 [main] INFO  api.test.UserTests2 -*********** Creating User ****************
14:50:30.683 [main] INFO  api.test.UserTests2 -*********** User is created  ****************
14:58:06.367 [main] INFO  api.test.UserTests2 -*********** Creating User ****************
14:58:11.129 [main] INFO  api.test.UserTests2 -*********** User is created  ****************
15:01:00.853 [main] INFO  api.test.UserTests2 -*********** Creating User ****************
15:01:05.839 [main] INFO  api.test.UserTests2 -*********** User is created  ****************
15:02:18.902 [main] INFO  api.test.UserTests2 -*********** Creating User ****************
15:02:23.159 [main] INFO  api.test.UserTests2 -*********** User is created  ****************
15:05:15.255 [main] INFO  api.test.UserTests2 -*********** Creating User ****************
15:05:19.497 [main] INFO  api.test.UserTests2 -*********** User is created  ****************
15:06:12.016 [main] INFO  api.test.UserTests2 -*********** Creating User ****************
15:06:16.595 [main] INFO  api.test.UserTests2 -*********** User is created  ****************
15:07:34.766 [main] INFO  api.test.UserTests2 -*********** Creating User ****************
15:07:39.035 [main] INFO  api.test.UserTests2 -*********** User is created  ****************
15:07:39.047 [main] INFO  api.test.UserTests2 -*********** Reading User Info ****************
15:07:41.146 [main] INFO  api.test.UserTests2 -*********** User info is displyed *******
15:07:41.155 [main] INFO  api.test.UserTests2 -*********** Updating user *********
15:07:43.092 [main] INFO  api.test.UserTests2 -**********User Updated**********
15:07:45.245 [main] INFO  api.test.UserTests2 -********** Deleting User *******
15:07:47.285 [main] INFO  api.test.UserTests2 -********** User Deleted *********
15:09:11.999 [main] INFO  api.test.UserTests2 -*********** Creating User ****************
15:09:17.283 [main] INFO  api.test.UserTests2 -*********** User is created  ****************
09:37:44.493 [main] INFO  api.test.UserTests2 -*********** Creating User ****************
09:37:49.159 [main] INFO  api.test.UserTests2 -*********** User is created  ****************
09:40:14.302 [main] INFO  api.test.UserTests2 -*********** Creating User ****************
09:40:18.615 [main] INFO  api.test.UserTests2 -*********** User is created  ****************
10:05:46.790 [main] INFO  api.test.UserTests2 -*********** Creating User ****************
10:05:52.279 [main] INFO  api.test.UserTests2 -*********** User is created  ****************
10:05:52.300 [main] INFO  api.test.UserTests2 -*********** Reading User Info ****************
10:05:54.812 [main] INFO  api.test.UserTests2 -*********** User info is displyed *******
10:05:54.821 [main] INFO  api.test.UserTests2 -*********** Updating user *********
10:05:56.856 [main] INFO  api.test.UserTests2 -**********User Updated**********
10:05:59.116 [main] INFO  api.test.UserTests2 -********** Deleting User *******
10:06:01.156 [main] INFO  api.test.UserTests2 -********** User Deleted *********
10:20:28.387 [main] DEBUG org.apache.poi.openxml4j.opc.PackageRelationshipCollection -Parsing relationship: /xl/_rels/workbook.xml.rels
10:20:28.403 [main] DEBUG org.apache.poi.openxml4j.opc.PackageRelationshipCollection -Parsing relationship: /xl/worksheets/_rels/sheet1.xml.rels
10:20:28.410 [main] DEBUG org.apache.poi.openxml4j.opc.PackageRelationshipCollection -Parsing relationship: /_rels/.rels
10:20:29.881 [main] DEBUG org.apache.poi.ooxml.POIXMLFactory -using default POIXMLDocumentPart for http://schemas.openxmlformats.org/officeDocument/2006/relationships/printerSettings
10:20:30.155 [main] DEBUG org.apache.poi.openxml4j.opc.PackageRelationshipCollection -Parsing relationship: /xl/_rels/workbook.xml.rels
10:20:30.160 [main] DEBUG org.apache.poi.openxml4j.opc.PackageRelationshipCollection -Parsing relationship: /xl/worksheets/_rels/sheet1.xml.rels
10:20:30.164 [main] DEBUG org.apache.poi.openxml4j.opc.PackageRelationshipCollection -Parsing relationship: /_rels/.rels
10:20:30.209 [main] DEBUG org.apache.poi.ooxml.POIXMLFactory -using default POIXMLDocumentPart for http://schemas.openxmlformats.org/officeDocument/2006/relationships/printerSettings
10:20:30.271 [main] DEBUG org.apache.poi.openxml4j.opc.PackageRelationshipCollection -Parsing relationship: /xl/_rels/workbook.xml.rels
10:20:30.275 [main] DEBUG org.apache.poi.openxml4j.opc.PackageRelationshipCollection -Parsing relationship: /xl/worksheets/_rels/sheet1.xml.rels
10:20:30.278 [main] DEBUG org.apache.poi.openxml4j.opc.PackageRelationshipCollection -Parsing relationship: /_rels/.rels
10:20:30.302 [main] DEBUG org.apache.poi.ooxml.POIXMLFactory -using default POIXMLDocumentPart for http://schemas.openxmlformats.org/officeDocument/2006/relationships/printerSettings
10:20:30.636 [main] DEBUG org.apache.poi.openxml4j.opc.PackageRelationshipCollection -Parsing relationship: /xl/_rels/workbook.xml.rels
10:20:30.637 [main] DEBUG org.apache.poi.openxml4j.opc.PackageRelationshipCollection -Parsing relationship: /xl/worksheets/_rels/sheet1.xml.rels
10:20:30.638 [main] DEBUG org.apache.poi.openxml4j.opc.PackageRelationshipCollection -Parsing relationship: /_rels/.rels
10:20:30.648 [main] DEBUG org.apache.poi.ooxml.POIXMLFactory -using default POIXMLDocumentPart for http://schemas.openxmlformats.org/officeDocument/2006/relationships/printerSettings
10:20:30.668 [main] DEBUG org.apache.poi.openxml4j.opc.PackageRelationshipCollection -Parsing relationship: /xl/_rels/workbook.xml.rels
10:20:30.668 [main] DEBUG org.apache.poi.openxml4j.opc.PackageRelationshipCollection -Parsing relationship: /xl/worksheets/_rels/sheet1.xml.rels
10:20:30.668 [main] DEBUG org.apache.poi.openxml4j.opc.PackageRelationshipCollection -Parsing relationship: /_rels/.rels
10:20:30.685 [main] DEBUG org.apache.poi.ooxml.POIXMLFactory -using default POIXMLDocumentPart for http://schemas.openxmlformats.org/officeDocument/2006/relationships/printerSettings
10:20:30.742 [main] DEBUG org.apache.poi.openxml4j.opc.PackageRelationshipCollection -Parsing relationship: /xl/_rels/workbook.xml.rels
10:20:30.746 [main] DEBUG org.apache.poi.openxml4j.opc.PackageRelationshipCollection -Parsing relationship: /xl/worksheets/_rels/sheet1.xml.rels
10:20:30.746 [main] DEBUG org.apache.poi.openxml4j.opc.PackageRelationshipCollection -Parsing relationship: /_rels/.rels
10:20:30.783 [main] DEBUG org.apache.poi.ooxml.POIXMLFactory -using default POIXMLDocumentPart for http://schemas.openxmlformats.org/officeDocument/2006/relationships/printerSettings
10:20:30.809 [main] DEBUG org.apache.poi.openxml4j.opc.PackageRelationshipCollection -Parsing relationship: /xl/_rels/workbook.xml.rels
10:20:30.809 [main] DEBUG org.apache.poi.openxml4j.opc.PackageRelationshipCollection -Parsing relationship: /xl/worksheets/_rels/sheet1.xml.rels
10:20:30.813 [main] DEBUG org.apache.poi.openxml4j.opc.PackageRelationshipCollection -Parsing relationship: /_rels/.rels
10:20:30.823 [main] DEBUG org.apache.poi.ooxml.POIXMLFactory -using default POIXMLDocumentPart for http://schemas.openxmlformats.org/officeDocument/2006/relationships/printerSettings
10:20:30.836 [main] DEBUG org.apache.poi.openxml4j.opc.PackageRelationshipCollection -Parsing relationship: /xl/_rels/workbook.xml.rels
10:20:30.840 [main] DEBUG org.apache.poi.openxml4j.opc.PackageRelationshipCollection -Parsing relationship: /xl/worksheets/_rels/sheet1.xml.rels
10:20:30.842 [main] DEBUG org.apache.poi.openxml4j.opc.PackageRelationshipCollection -Parsing relationship: /_rels/.rels
10:20:30.850 [main] DEBUG org.apache.poi.ooxml.POIXMLFactory -using default POIXMLDocumentPart for http://schemas.openxmlformats.org/officeDocument/2006/relationships/printerSettings
10:20:30.871 [main] DEBUG org.apache.poi.openxml4j.opc.PackageRelationshipCollection -Parsing relationship: /xl/_rels/workbook.xml.rels
10:20:30.874 [main] DEBUG org.apache.poi.openxml4j.opc.PackageRelationshipCollection -Parsing relationship: /xl/worksheets/_rels/sheet1.xml.rels
10:20:30.874 [main] DEBUG org.apache.poi.openxml4j.opc.PackageRelationshipCollection -Parsing relationship: /_rels/.rels
10:20:30.902 [main] DEBUG org.apache.poi.ooxml.POIXMLFactory -using default POIXMLDocumentPart for http://schemas.openxmlformats.org/officeDocument/2006/relationships/printerSettings
10:20:30.931 [main] DEBUG org.apache.poi.openxml4j.opc.PackageRelationshipCollection -Parsing relationship: /xl/_rels/workbook.xml.rels
10:20:30.931 [main] DEBUG org.apache.poi.openxml4j.opc.PackageRelationshipCollection -Parsing relationship: /xl/worksheets/_rels/sheet1.xml.rels
10:20:30.932 [main] DEBUG org.apache.poi.openxml4j.opc.PackageRelationshipCollection -Parsing relationship: /_rels/.rels
10:20:30.943 [main] DEBUG org.apache.poi.ooxml.POIXMLFactory -using default POIXMLDocumentPart for http://schemas.openxmlformats.org/officeDocument/2006/relationships/printerSettings
10:20:30.955 [main] DEBUG org.apache.poi.openxml4j.opc.PackageRelationshipCollection -Parsing relationship: /xl/_rels/workbook.xml.rels
10:20:30.955 [main] DEBUG org.apache.poi.openxml4j.opc.PackageRelationshipCollection -Parsing relationship: /xl/worksheets/_rels/sheet1.xml.rels
10:20:30.959 [main] DEBUG org.apache.poi.openxml4j.opc.PackageRelationshipCollection -Parsing relationship: /_rels/.rels
10:20:30.963 [main] DEBUG org.apache.poi.ooxml.POIXMLFactory -using default POIXMLDocumentPart for http://schemas.openxmlformats.org/officeDocument/2006/relationships/printerSettings
10:20:31.004 [main] DEBUG org.apache.poi.openxml4j.opc.PackageRelationshipCollection -Parsing relationship: /xl/_rels/workbook.xml.rels
10:20:31.004 [main] DEBUG org.apache.poi.openxml4j.opc.PackageRelationshipCollection -Parsing relationship: /xl/worksheets/_rels/sheet1.xml.rels
10:20:31.008 [main] DEBUG org.apache.poi.openxml4j.opc.PackageRelationshipCollection -Parsing relationship: /_rels/.rels
10:20:31.026 [main] DEBUG org.apache.poi.ooxml.POIXMLFactory -using default POIXMLDocumentPart for http://schemas.openxmlformats.org/officeDocument/2006/relationships/printerSettings
10:20:31.040 [main] DEBUG org.apache.poi.openxml4j.opc.PackageRelationshipCollection -Parsing relationship: /xl/_rels/workbook.xml.rels
10:20:31.041 [main] DEBUG org.apache.poi.openxml4j.opc.PackageRelationshipCollection -Parsing relationship: /xl/worksheets/_rels/sheet1.xml.rels
10:20:31.043 [main] DEBUG org.apache.poi.openxml4j.opc.PackageRelationshipCollection -Parsing relationship: /_rels/.rels
10:20:31.057 [main] DEBUG org.apache.poi.ooxml.POIXMLFactory -using default POIXMLDocumentPart for http://schemas.openxmlformats.org/officeDocument/2006/relationships/printerSettings
10:20:31.070 [main] DEBUG org.apache.poi.openxml4j.opc.PackageRelationshipCollection -Parsing relationship: /xl/_rels/workbook.xml.rels
10:20:31.075 [main] DEBUG org.apache.poi.openxml4j.opc.PackageRelationshipCollection -Parsing relationship: /xl/worksheets/_rels/sheet1.xml.rels
10:20:31.075 [main] DEBUG org.apache.poi.openxml4j.opc.PackageRelationshipCollection -Parsing relationship: /_rels/.rels
10:20:31.079 [main] DEBUG org.apache.poi.ooxml.POIXMLFactory -using default POIXMLDocumentPart for http://schemas.openxmlformats.org/officeDocument/2006/relationships/printerSettings
10:20:31.092 [main] DEBUG org.apache.poi.openxml4j.opc.PackageRelationshipCollection -Parsing relationship: /xl/_rels/workbook.xml.rels
10:20:31.097 [main] DEBUG org.apache.poi.openxml4j.opc.PackageRelationshipCollection -Parsing relationship: /xl/worksheets/_rels/sheet1.xml.rels
10:20:31.098 [main] DEBUG org.apache.poi.openxml4j.opc.PackageRelationshipCollection -Parsing relationship: /_rels/.rels
10:20:31.108 [main] DEBUG org.apache.poi.ooxml.POIXMLFactory -using default POIXMLDocumentPart for http://schemas.openxmlformats.org/officeDocument/2006/relationships/printerSettings
10:20:31.124 [main] DEBUG org.apache.poi.openxml4j.opc.PackageRelationshipCollection -Parsing relationship: /xl/_rels/workbook.xml.rels
10:20:31.125 [main] DEBUG org.apache.poi.openxml4j.opc.PackageRelationshipCollection -Parsing relationship: /xl/worksheets/_rels/sheet1.xml.rels
10:20:31.125 [main] DEBUG org.apache.poi.openxml4j.opc.PackageRelationshipCollection -Parsing relationship: /_rels/.rels
10:20:31.143 [main] DEBUG org.apache.poi.ooxml.POIXMLFactory -using default POIXMLDocumentPart for http://schemas.openxmlformats.org/officeDocument/2006/relationships/printerSettings
10:20:31.182 [main] DEBUG org.apache.poi.openxml4j.opc.PackageRelationshipCollection -Parsing relationship: /xl/_rels/workbook.xml.rels
10:20:31.182 [main] DEBUG org.apache.poi.openxml4j.opc.PackageRelationshipCollection -Parsing relationship: /xl/worksheets/_rels/sheet1.xml.rels
10:20:31.184 [main] DEBUG org.apache.poi.openxml4j.opc.PackageRelationshipCollection -Parsing relationship: /_rels/.rels
10:20:31.195 [main] DEBUG org.apache.poi.ooxml.POIXMLFactory -using default POIXMLDocumentPart for http://schemas.openxmlformats.org/officeDocument/2006/relationships/printerSettings
10:20:31.210 [main] DEBUG org.apache.poi.openxml4j.opc.PackageRelationshipCollection -Parsing relationship: /xl/_rels/workbook.xml.rels
10:20:31.210 [main] DEBUG org.apache.poi.openxml4j.opc.PackageRelationshipCollection -Parsing relationship: /xl/worksheets/_rels/sheet1.xml.rels
10:20:31.210 [main] DEBUG org.apache.poi.openxml4j.opc.PackageRelationshipCollection -Parsing relationship: /_rels/.rels
10:20:31.222 [main] DEBUG org.apache.poi.ooxml.POIXMLFactory -using default POIXMLDocumentPart for http://schemas.openxmlformats.org/officeDocument/2006/relationships/printerSettings
10:20:31.236 [main] DEBUG org.apache.poi.openxml4j.opc.PackageRelationshipCollection -Parsing relationship: /xl/_rels/workbook.xml.rels
10:20:31.237 [main] DEBUG org.apache.poi.openxml4j.opc.PackageRelationshipCollection -Parsing relationship: /xl/worksheets/_rels/sheet1.xml.rels
10:20:31.238 [main] DEBUG org.apache.poi.openxml4j.opc.PackageRelationshipCollection -Parsing relationship: /_rels/.rels
10:20:31.247 [main] DEBUG org.apache.poi.ooxml.POIXMLFactory -using default POIXMLDocumentPart for http://schemas.openxmlformats.org/officeDocument/2006/relationships/printerSettings
10:20:31.259 [main] DEBUG org.apache.poi.openxml4j.opc.PackageRelationshipCollection -Parsing relationship: /xl/_rels/workbook.xml.rels
10:20:31.260 [main] DEBUG org.apache.poi.openxml4j.opc.PackageRelationshipCollection -Parsing relationship: /xl/worksheets/_rels/sheet1.xml.rels
10:20:31.260 [main] DEBUG org.apache.poi.openxml4j.opc.PackageRelationshipCollection -Parsing relationship: /_rels/.rels
10:20:31.266 [main] DEBUG org.apache.poi.ooxml.POIXMLFactory -using default POIXMLDocumentPart for http://schemas.openxmlformats.org/officeDocument/2006/relationships/printerSettings
10:20:31.299 [main] DEBUG org.apache.poi.openxml4j.opc.PackageRelationshipCollection -Parsing relationship: /xl/_rels/workbook.xml.rels
10:20:31.300 [main] DEBUG org.apache.poi.openxml4j.opc.PackageRelationshipCollection -Parsing relationship: /xl/worksheets/_rels/sheet1.xml.rels
10:20:31.304 [main] DEBUG org.apache.poi.openxml4j.opc.PackageRelationshipCollection -Parsing relationship: /_rels/.rels
10:20:31.322 [main] DEBUG org.apache.poi.ooxml.POIXMLFactory -using default POIXMLDocumentPart for http://schemas.openxmlformats.org/officeDocument/2006/relationships/printerSettings
10:20:31.343 [main] DEBUG org.apache.poi.openxml4j.opc.PackageRelationshipCollection -Parsing relationship: /xl/_rels/workbook.xml.rels
10:20:31.343 [main] DEBUG org.apache.poi.openxml4j.opc.PackageRelationshipCollection -Parsing relationship: /xl/worksheets/_rels/sheet1.xml.rels
10:20:31.348 [main] DEBUG org.apache.poi.openxml4j.opc.PackageRelationshipCollection -Parsing relationship: /_rels/.rels
10:20:31.354 [main] DEBUG org.apache.poi.ooxml.POIXMLFactory -using default POIXMLDocumentPart for http://schemas.openxmlformats.org/officeDocument/2006/relationships/printerSettings
10:20:31.368 [main] DEBUG org.apache.poi.openxml4j.opc.PackageRelationshipCollection -Parsing relationship: /xl/_rels/workbook.xml.rels
10:20:31.368 [main] DEBUG org.apache.poi.openxml4j.opc.PackageRelationshipCollection -Parsing relationship: /xl/worksheets/_rels/sheet1.xml.rels
10:20:31.368 [main] DEBUG org.apache.poi.openxml4j.opc.PackageRelationshipCollection -Parsing relationship: /_rels/.rels
10:20:31.377 [main] DEBUG org.apache.poi.ooxml.POIXMLFactory -using default POIXMLDocumentPart for http://schemas.openxmlformats.org/officeDocument/2006/relationships/printerSettings
10:20:40.382 [main] DEBUG org.apache.poi.openxml4j.opc.PackageRelationshipCollection -Parsing relationship: /xl/_rels/workbook.xml.rels
10:20:40.386 [main] DEBUG org.apache.poi.openxml4j.opc.PackageRelationshipCollection -Parsing relationship: /xl/worksheets/_rels/sheet1.xml.rels
10:20:40.388 [main] DEBUG org.apache.poi.openxml4j.opc.PackageRelationshipCollection -Parsing relationship: /_rels/.rels
10:20:40.413 [main] DEBUG org.apache.poi.ooxml.POIXMLFactory -using default POIXMLDocumentPart for http://schemas.openxmlformats.org/officeDocument/2006/relationships/printerSettings
10:20:40.444 [main] DEBUG org.apache.poi.openxml4j.opc.PackageRelationshipCollection -Parsing relationship: /xl/_rels/workbook.xml.rels
10:20:40.444 [main] DEBUG org.apache.poi.openxml4j.opc.PackageRelationshipCollection -Parsing relationship: /xl/worksheets/_rels/sheet1.xml.rels
10:20:40.444 [main] DEBUG org.apache.poi.openxml4j.opc.PackageRelationshipCollection -Parsing relationship: /_rels/.rels
10:20:40.471 [main] DEBUG org.apache.poi.ooxml.POIXMLFactory -using default POIXMLDocumentPart for http://schemas.openxmlformats.org/officeDocument/2006/relationships/printerSettings
10:20:40.509 [main] DEBUG org.apache.poi.openxml4j.opc.PackageRelationshipCollection -Parsing relationship: /xl/_rels/workbook.xml.rels
10:20:40.509 [main] DEBUG org.apache.poi.openxml4j.opc.PackageRelationshipCollection -Parsing relationship: /xl/worksheets/_rels/sheet1.xml.rels
10:20:40.514 [main] DEBUG org.apache.poi.openxml4j.opc.PackageRelationshipCollection -Parsing relationship: /_rels/.rels
10:20:40.538 [main] DEBUG org.apache.poi.ooxml.POIXMLFactory -using default POIXMLDocumentPart for http://schemas.openxmlformats.org/officeDocument/2006/relationships/printerSettings
10:20:40.560 [main] DEBUG org.apache.poi.openxml4j.opc.PackageRelationshipCollection -Parsing relationship: /xl/_rels/workbook.xml.rels
10:20:40.560 [main] DEBUG org.apache.poi.openxml4j.opc.PackageRelationshipCollection -Parsing relationship: /xl/worksheets/_rels/sheet1.xml.rels
10:20:40.560 [main] DEBUG org.apache.poi.openxml4j.opc.PackageRelationshipCollection -Parsing relationship: /_rels/.rels
10:20:40.569 [main] DEBUG org.apache.poi.ooxml.POIXMLFactory -using default POIXMLDocumentPart for http://schemas.openxmlformats.org/officeDocument/2006/relationships/printerSettings
10:20:46.299 [main] INFO  api.test.UserTests -*********** Creating User ****************
10:20:48.035 [main] INFO  api.test.UserTests -*********** User is created  ****************
10:20:48.036 [main] INFO  api.test.UserTests -*********** Reading User Info ****************
10:20:49.619 [main] INFO  api.test.UserTests -*********** User info is displyed *******
10:20:49.620 [main] INFO  api.test.UserTests -*********** Updating user *********
10:20:51.387 [main] INFO  api.test.UserTests -**********User Updated**********
10:20:52.979 [main] INFO  api.test.UserTests -********** Deleting User *******
10:20:54.636 [main] INFO  api.test.UserTests -********** User Deleted *********
11:07:58.016 [main] DEBUG org.apache.poi.openxml4j.opc.PackageRelationshipCollection -Parsing relationship: /xl/_rels/workbook.xml.rels
11:07:58.030 [main] DEBUG org.apache.poi.openxml4j.opc.PackageRelationshipCollection -Parsing relationship: /xl/worksheets/_rels/sheet1.xml.rels
11:07:58.031 [main] DEBUG org.apache.poi.openxml4j.opc.PackageRelationshipCollection -Parsing relationship: /_rels/.rels
11:07:58.782 [main] DEBUG org.apache.poi.ooxml.POIXMLFactory -using default POIXMLDocumentPart for http://schemas.openxmlformats.org/officeDocument/2006/relationships/printerSettings
11:07:58.880 [main] DEBUG org.apache.poi.openxml4j.opc.PackageRelationshipCollection -Parsing relationship: /xl/_rels/workbook.xml.rels
11:07:58.881 [main] DEBUG org.apache.poi.openxml4j.opc.PackageRelationshipCollection -Parsing relationship: /xl/worksheets/_rels/sheet1.xml.rels
11:07:58.883 [main] DEBUG org.apache.poi.openxml4j.opc.PackageRelationshipCollection -Parsing relationship: /_rels/.rels
11:07:58.894 [main] DEBUG org.apache.poi.ooxml.POIXMLFactory -using default POIXMLDocumentPart for http://schemas.openxmlformats.org/officeDocument/2006/relationships/printerSettings
11:07:58.910 [main] DEBUG org.apache.poi.openxml4j.opc.PackageRelationshipCollection -Parsing relationship: /xl/_rels/workbook.xml.rels
11:07:58.911 [main] DEBUG org.apache.poi.openxml4j.opc.PackageRelationshipCollection -Parsing relationship: /xl/worksheets/_rels/sheet1.xml.rels
11:07:58.912 [main] DEBUG org.apache.poi.openxml4j.opc.PackageRelationshipCollection -Parsing relationship: /_rels/.rels
11:07:58.923 [main] DEBUG org.apache.poi.ooxml.POIXMLFactory -using default POIXMLDocumentPart for http://schemas.openxmlformats.org/officeDocument/2006/relationships/printerSettings
11:07:58.979 [main] DEBUG org.apache.poi.openxml4j.opc.PackageRelationshipCollection -Parsing relationship: /xl/_rels/workbook.xml.rels
11:07:58.979 [main] DEBUG org.apache.poi.openxml4j.opc.PackageRelationshipCollection -Parsing relationship: /xl/worksheets/_rels/sheet1.xml.rels
11:07:58.980 [main] DEBUG org.apache.poi.openxml4j.opc.PackageRelationshipCollection -Parsing relationship: /_rels/.rels
11:07:58.987 [main] DEBUG org.apache.poi.ooxml.POIXMLFactory -using default POIXMLDocumentPart for http://schemas.openxmlformats.org/officeDocument/2006/relationships/printerSettings
11:07:59.003 [main] DEBUG org.apache.poi.openxml4j.opc.PackageRelationshipCollection -Parsing relationship: /xl/_rels/workbook.xml.rels
11:07:59.004 [main] DEBUG org.apache.poi.openxml4j.opc.PackageRelationshipCollection -Parsing relationship: /xl/worksheets/_rels/sheet1.xml.rels
11:07:59.004 [main] DEBUG org.apache.poi.openxml4j.opc.PackageRelationshipCollection -Parsing relationship: /_rels/.rels
11:07:59.014 [main] DEBUG org.apache.poi.ooxml.POIXMLFactory -using default POIXMLDocumentPart for http://schemas.openxmlformats.org/officeDocument/2006/relationships/printerSettings
11:07:59.026 [main] DEBUG org.apache.poi.openxml4j.opc.PackageRelationshipCollection -Parsing relationship: /xl/_rels/workbook.xml.rels
11:07:59.027 [main] DEBUG org.apache.poi.openxml4j.opc.PackageRelationshipCollection -Parsing relationship: /xl/worksheets/_rels/sheet1.xml.rels
11:07:59.027 [main] DEBUG org.apache.poi.openxml4j.opc.PackageRelationshipCollection -Parsing relationship: /_rels/.rels
11:07:59.038 [main] DEBUG org.apache.poi.ooxml.POIXMLFactory -using default POIXMLDocumentPart for http://schemas.openxmlformats.org/officeDocument/2006/relationships/printerSettings
11:07:59.049 [main] DEBUG org.apache.poi.openxml4j.opc.PackageRelationshipCollection -Parsing relationship: /xl/_rels/workbook.xml.rels
11:07:59.049 [main] DEBUG org.apache.poi.openxml4j.opc.PackageRelationshipCollection -Parsing relationship: /xl/worksheets/_rels/sheet1.xml.rels
11:07:59.050 [main] DEBUG org.apache.poi.openxml4j.opc.PackageRelationshipCollection -Parsing relationship: /_rels/.rels
11:07:59.059 [main] DEBUG org.apache.poi.ooxml.POIXMLFactory -using default POIXMLDocumentPart for http://schemas.openxmlformats.org/officeDocument/2006/relationships/printerSettings
11:07:59.075 [main] DEBUG org.apache.poi.openxml4j.opc.PackageRelationshipCollection -Parsing relationship: /xl/_rels/workbook.xml.rels
11:07:59.076 [main] DEBUG org.apache.poi.openxml4j.opc.PackageRelationshipCollection -Parsing relationship: /xl/worksheets/_rels/sheet1.xml.rels
11:07:59.077 [main] DEBUG org.apache.poi.openxml4j.opc.PackageRelationshipCollection -Parsing relationship: /_rels/.rels
11:07:59.088 [main] DEBUG org.apache.poi.ooxml.POIXMLFactory -using default POIXMLDocumentPart for http://schemas.openxmlformats.org/officeDocument/2006/relationships/printerSettings
11:07:59.101 [main] DEBUG org.apache.poi.openxml4j.opc.PackageRelationshipCollection -Parsing relationship: /xl/_rels/workbook.xml.rels
11:07:59.103 [main] DEBUG org.apache.poi.openxml4j.opc.PackageRelationshipCollection -Parsing relationship: /xl/worksheets/_rels/sheet1.xml.rels
11:07:59.104 [main] DEBUG org.apache.poi.openxml4j.opc.PackageRelationshipCollection -Parsing relationship: /_rels/.rels
11:07:59.113 [main] DEBUG org.apache.poi.ooxml.POIXMLFactory -using default POIXMLDocumentPart for http://schemas.openxmlformats.org/officeDocument/2006/relationships/printerSettings
11:07:59.126 [main] DEBUG org.apache.poi.openxml4j.opc.PackageRelationshipCollection -Parsing relationship: /xl/_rels/workbook.xml.rels
11:07:59.128 [main] DEBUG org.apache.poi.openxml4j.opc.PackageRelationshipCollection -Parsing relationship: /xl/worksheets/_rels/sheet1.xml.rels
11:07:59.129 [main] DEBUG org.apache.poi.openxml4j.opc.PackageRelationshipCollection -Parsing relationship: /_rels/.rels
11:07:59.137 [main] DEBUG org.apache.poi.ooxml.POIXMLFactory -using default POIXMLDocumentPart for http://schemas.openxmlformats.org/officeDocument/2006/relationships/printerSettings
11:07:59.150 [main] DEBUG org.apache.poi.openxml4j.opc.PackageRelationshipCollection -Parsing relationship: /xl/_rels/workbook.xml.rels
11:07:59.151 [main] DEBUG org.apache.poi.openxml4j.opc.PackageRelationshipCollection -Parsing relationship: /xl/worksheets/_rels/sheet1.xml.rels
11:07:59.152 [main] DEBUG org.apache.poi.openxml4j.opc.PackageRelationshipCollection -Parsing relationship: /_rels/.rels
11:07:59.161 [main] DEBUG org.apache.poi.ooxml.POIXMLFactory -using default POIXMLDocumentPart for http://schemas.openxmlformats.org/officeDocument/2006/relationships/printerSettings
11:07:59.173 [main] DEBUG org.apache.poi.openxml4j.opc.PackageRelationshipCollection -Parsing relationship: /xl/_rels/workbook.xml.rels
11:07:59.174 [main] DEBUG org.apache.poi.openxml4j.opc.PackageRelationshipCollection -Parsing relationship: /xl/worksheets/_rels/sheet1.xml.rels
11:07:59.175 [main] DEBUG org.apache.poi.openxml4j.opc.PackageRelationshipCollection -Parsing relationship: /_rels/.rels
11:07:59.185 [main] DEBUG org.apache.poi.ooxml.POIXMLFactory -using default POIXMLDocumentPart for http://schemas.openxmlformats.org/officeDocument/2006/relationships/printerSettings
11:07:59.198 [main] DEBUG org.apache.poi.openxml4j.opc.PackageRelationshipCollection -Parsing relationship: /xl/_rels/workbook.xml.rels
11:07:59.199 [main] DEBUG org.apache.poi.openxml4j.opc.PackageRelationshipCollection -Parsing relationship: /xl/worksheets/_rels/sheet1.xml.rels
11:07:59.200 [main] DEBUG org.apache.poi.openxml4j.opc.PackageRelationshipCollection -Parsing relationship: /_rels/.rels
11:07:59.209 [main] DEBUG org.apache.poi.ooxml.POIXMLFactory -using default POIXMLDocumentPart for http://schemas.openxmlformats.org/officeDocument/2006/relationships/printerSettings
11:07:59.224 [main] DEBUG org.apache.poi.openxml4j.opc.PackageRelationshipCollection -Parsing relationship: /xl/_rels/workbook.xml.rels
11:07:59.224 [main] DEBUG org.apache.poi.openxml4j.opc.PackageRelationshipCollection -Parsing relationship: /xl/worksheets/_rels/sheet1.xml.rels
11:07:59.225 [main] DEBUG org.apache.poi.openxml4j.opc.PackageRelationshipCollection -Parsing relationship: /_rels/.rels
11:07:59.232 [main] DEBUG org.apache.poi.ooxml.POIXMLFactory -using default POIXMLDocumentPart for http://schemas.openxmlformats.org/officeDocument/2006/relationships/printerSettings
11:07:59.246 [main] DEBUG org.apache.poi.openxml4j.opc.PackageRelationshipCollection -Parsing relationship: /xl/_rels/workbook.xml.rels
11:07:59.246 [main] DEBUG org.apache.poi.openxml4j.opc.PackageRelationshipCollection -Parsing relationship: /xl/worksheets/_rels/sheet1.xml.rels
11:07:59.247 [main] DEBUG org.apache.poi.openxml4j.opc.PackageRelationshipCollection -Parsing relationship: /_rels/.rels
11:07:59.254 [main] DEBUG org.apache.poi.ooxml.POIXMLFactory -using default POIXMLDocumentPart for http://schemas.openxmlformats.org/officeDocument/2006/relationships/printerSettings
11:07:59.269 [main] DEBUG org.apache.poi.openxml4j.opc.PackageRelationshipCollection -Parsing relationship: /xl/_rels/workbook.xml.rels
11:07:59.270 [main] DEBUG org.apache.poi.openxml4j.opc.PackageRelationshipCollection -Parsing relationship: /xl/worksheets/_rels/sheet1.xml.rels
11:07:59.271 [main] DEBUG org.apache.poi.openxml4j.opc.PackageRelationshipCollection -Parsing relationship: /_rels/.rels
11:07:59.290 [main] DEBUG org.apache.poi.ooxml.POIXMLFactory -using default POIXMLDocumentPart for http://schemas.openxmlformats.org/officeDocument/2006/relationships/printerSettings
11:07:59.307 [main] DEBUG org.apache.poi.openxml4j.opc.PackageRelationshipCollection -Parsing relationship: /xl/_rels/workbook.xml.rels
11:07:59.308 [main] DEBUG org.apache.poi.openxml4j.opc.PackageRelationshipCollection -Parsing relationship: /xl/worksheets/_rels/sheet1.xml.rels
11:07:59.309 [main] DEBUG org.apache.poi.openxml4j.opc.PackageRelationshipCollection -Parsing relationship: /_rels/.rels
11:07:59.316 [main] DEBUG org.apache.poi.ooxml.POIXMLFactory -using default POIXMLDocumentPart for http://schemas.openxmlformats.org/officeDocument/2006/relationships/printerSettings
11:07:59.325 [main] DEBUG org.apache.poi.openxml4j.opc.PackageRelationshipCollection -Parsing relationship: /xl/_rels/workbook.xml.rels
11:07:59.326 [main] DEBUG org.apache.poi.openxml4j.opc.PackageRelationshipCollection -Parsing relationship: /xl/worksheets/_rels/sheet1.xml.rels
11:07:59.327 [main] DEBUG org.apache.poi.openxml4j.opc.PackageRelationshipCollection -Parsing relationship: /_rels/.rels
11:07:59.332 [main] DEBUG org.apache.poi.ooxml.POIXMLFactory -using default POIXMLDocumentPart for http://schemas.openxmlformats.org/officeDocument/2006/relationships/printerSettings
11:07:59.344 [main] DEBUG org.apache.poi.openxml4j.opc.PackageRelationshipCollection -Parsing relationship: /xl/_rels/workbook.xml.rels
11:07:59.346 [main] DEBUG org.apache.poi.openxml4j.opc.PackageRelationshipCollection -Parsing relationship: /xl/worksheets/_rels/sheet1.xml.rels
11:07:59.347 [main] DEBUG org.apache.poi.openxml4j.opc.PackageRelationshipCollection -Parsing relationship: /_rels/.rels
11:07:59.354 [main] DEBUG org.apache.poi.ooxml.POIXMLFactory -using default POIXMLDocumentPart for http://schemas.openxmlformats.org/officeDocument/2006/relationships/printerSettings
11:07:59.367 [main] DEBUG org.apache.poi.openxml4j.opc.PackageRelationshipCollection -Parsing relationship: /xl/_rels/workbook.xml.rels
11:07:59.368 [main] DEBUG org.apache.poi.openxml4j.opc.PackageRelationshipCollection -Parsing relationship: /xl/worksheets/_rels/sheet1.xml.rels
11:07:59.369 [main] DEBUG org.apache.poi.openxml4j.opc.PackageRelationshipCollection -Parsing relationship: /_rels/.rels
11:07:59.376 [main] DEBUG org.apache.poi.ooxml.POIXMLFactory -using default POIXMLDocumentPart for http://schemas.openxmlformats.org/officeDocument/2006/relationships/printerSettings
11:07:59.384 [main] DEBUG org.apache.poi.openxml4j.opc.PackageRelationshipCollection -Parsing relationship: /xl/_rels/workbook.xml.rels
11:07:59.384 [main] DEBUG org.apache.poi.openxml4j.opc.PackageRelationshipCollection -Parsing relationship: /xl/worksheets/_rels/sheet1.xml.rels
11:07:59.385 [main] DEBUG org.apache.poi.openxml4j.opc.PackageRelationshipCollection -Parsing relationship: /_rels/.rels
11:07:59.393 [main] DEBUG org.apache.poi.ooxml.POIXMLFactory -using default POIXMLDocumentPart for http://schemas.openxmlformats.org/officeDocument/2006/relationships/printerSettings
11:07:59.403 [main] DEBUG org.apache.poi.openxml4j.opc.PackageRelationshipCollection -Parsing relationship: /xl/_rels/workbook.xml.rels
11:07:59.404 [main] DEBUG org.apache.poi.openxml4j.opc.PackageRelationshipCollection -Parsing relationship: /xl/worksheets/_rels/sheet1.xml.rels
11:07:59.404 [main] DEBUG org.apache.poi.openxml4j.opc.PackageRelationshipCollection -Parsing relationship: /_rels/.rels
11:07:59.409 [main] DEBUG org.apache.poi.ooxml.POIXMLFactory -using default POIXMLDocumentPart for http://schemas.openxmlformats.org/officeDocument/2006/relationships/printerSettings
11:07:59.420 [main] DEBUG org.apache.poi.openxml4j.opc.PackageRelationshipCollection -Parsing relationship: /xl/_rels/workbook.xml.rels
11:07:59.421 [main] DEBUG org.apache.poi.openxml4j.opc.PackageRelationshipCollection -Parsing relationship: /xl/worksheets/_rels/sheet1.xml.rels
11:07:59.421 [main] DEBUG org.apache.poi.openxml4j.opc.PackageRelationshipCollection -Parsing relationship: /_rels/.rels
11:07:59.426 [main] DEBUG org.apache.poi.ooxml.POIXMLFactory -using default POIXMLDocumentPart for http://schemas.openxmlformats.org/officeDocument/2006/relationships/printerSettings
11:08:07.035 [main] DEBUG org.apache.poi.openxml4j.opc.PackageRelationshipCollection -Parsing relationship: /xl/_rels/workbook.xml.rels
11:08:07.036 [main] DEBUG org.apache.poi.openxml4j.opc.PackageRelationshipCollection -Parsing relationship: /xl/worksheets/_rels/sheet1.xml.rels
11:08:07.036 [main] DEBUG org.apache.poi.openxml4j.opc.PackageRelationshipCollection -Parsing relationship: /_rels/.rels
11:08:07.041 [main] DEBUG org.apache.poi.ooxml.POIXMLFactory -using default POIXMLDocumentPart for http://schemas.openxmlformats.org/officeDocument/2006/relationships/printerSettings
11:08:07.051 [main] DEBUG org.apache.poi.openxml4j.opc.PackageRelationshipCollection -Parsing relationship: /xl/_rels/workbook.xml.rels
11:08:07.051 [main] DEBUG org.apache.poi.openxml4j.opc.PackageRelationshipCollection -Parsing relationship: /xl/worksheets/_rels/sheet1.xml.rels
11:08:07.052 [main] DEBUG org.apache.poi.openxml4j.opc.PackageRelationshipCollection -Parsing relationship: /_rels/.rels
11:08:07.056 [main] DEBUG org.apache.poi.ooxml.POIXMLFactory -using default POIXMLDocumentPart for http://schemas.openxmlformats.org/officeDocument/2006/relationships/printerSettings
11:08:07.066 [main] DEBUG org.apache.poi.openxml4j.opc.PackageRelationshipCollection -Parsing relationship: /xl/_rels/workbook.xml.rels
11:08:07.067 [main] DEBUG org.apache.poi.openxml4j.opc.PackageRelationshipCollection -Parsing relationship: /xl/worksheets/_rels/sheet1.xml.rels
11:08:07.068 [main] DEBUG org.apache.poi.openxml4j.opc.PackageRelationshipCollection -Parsing relationship: /_rels/.rels
11:08:07.073 [main] DEBUG org.apache.poi.ooxml.POIXMLFactory -using default POIXMLDocumentPart for http://schemas.openxmlformats.org/officeDocument/2006/relationships/printerSettings
11:08:07.084 [main] DEBUG org.apache.poi.openxml4j.opc.PackageRelationshipCollection -Parsing relationship: /xl/_rels/workbook.xml.rels
11:08:07.085 [main] DEBUG org.apache.poi.openxml4j.opc.PackageRelationshipCollection -Parsing relationship: /xl/worksheets/_rels/sheet1.xml.rels
11:08:07.086 [main] DEBUG org.apache.poi.openxml4j.opc.PackageRelationshipCollection -Parsing relationship: /_rels/.rels
11:08:07.091 [main] DEBUG org.apache.poi.ooxml.POIXMLFactory -using default POIXMLDocumentPart for http://schemas.openxmlformats.org/officeDocument/2006/relationships/printerSettings
11:08:12.246 [main] INFO  api.test.UserTests -*********** Creating User ****************
11:08:14.039 [main] INFO  api.test.UserTests -*********** User is created  ****************
11:08:14.040 [main] INFO  api.test.UserTests -*********** Reading User Info ****************
11:08:15.671 [main] INFO  api.test.UserTests -*********** User info is displyed *******
11:08:15.672 [main] INFO  api.test.UserTests -*********** Updating user *********
11:08:17.270 [main] INFO  api.test.UserTests -**********User Updated**********
11:08:18.834 [main] INFO  api.test.UserTests -********** Deleting User *******
11:08:20.441 [main] INFO  api.test.UserTests -********** User Deleted *********
